1631870607519	geckodriver	INFO	Listening on 127.0.0.1:52120
1631870607558	mozrunner::runner	INFO	Running command: "/Applications/Firefox.app/Contents/MacOS/firefox-bin" "--marionette" "-foreground" "-no-remote" "-profile" "/var/folders/1t/0cgrwk454rl3_dl7m5m4_kxh0000gn/T/rust_mozprofileCkEft5"
1631870608423	Marionette	INFO	Marionette enabled
console.warn: SearchSettings: "get: No settings file exists, new profile?" (new NotFoundError("Could not open the file at /var/folders/1t/0cgrwk454rl3_dl7m5m4_kxh0000gn/T/rust_mozprofileCkEft5/search.json.mozlz4", (void 0)))
console.error: BackgroundUpdate: 
  _reasonsToNotScheduleUpdates: Failed to check for Maintenance Service Registry Key: [Exception... "Component returned failure code: 0x80004001 (NS_ERROR_NOT_IMPLEMENTED) [nsIUpdateProcessor.getServiceRegKeyExists]"  nsresult: "0x80004001 (NS_ERROR_NOT_IMPLEMENTED)"  location: "JS frame :: resource://gre/modules/BackgroundUpdate.jsm :: _reasonsToNotScheduleUpdates :: line 243"  data: no]
1631870611204	Marionette	INFO	Listening on port 52125
1631870611295	RemoteAgent	WARN	TLS certificate errors will be ignored for this session
1631870613104	Marionette	INFO	Stopped listening on port 52125
JavaScript error: resource:///modules/Interactions.jsm, line 230: NS_ERROR_FAILURE: Component returned failure code: 0x80004005 (NS_ERROR_FAILURE) [nsIUserIdleService.removeIdleObserver]
JavaScript error: chrome://remote/content/marionette/cert.js, line 55: NS_ERROR_NOT_AVAILABLE: Component returned failure code: 0x80040111 (NS_ERROR_NOT_AVAILABLE) [nsICertOverrideService.setDisableAllSecurityChecksAndLetAttackersInterceptMyData]
1631870846514	geckodriver	INFO	Listening on 127.0.0.1:52235
1631870846538	mozrunner::runner	INFO	Running command: "/Applications/Firefox.app/Contents/MacOS/firefox-bin" "--marionette" "-foreground" "-no-remote" "-profile" "/var/folders/1t/0cgrwk454rl3_dl7m5m4_kxh0000gn/T/rust_mozprofileEksWM4"
1631870847509	Marionette	INFO	Marionette enabled
console.warn: SearchSettings: "get: No settings file exists, new profile?" (new NotFoundError("Could not open the file at /var/folders/1t/0cgrwk454rl3_dl7m5m4_kxh0000gn/T/rust_mozprofileEksWM4/search.json.mozlz4", (void 0)))
JavaScript error: resource:///modules/Interactions.jsm, line 230: NS_ERROR_FAILURE: Component returned failure code: 0x80004005 (NS_ERROR_FAILURE) [nsIUserIdleService.removeIdleObserver]
*** UTM:SVC TimerManager:registerTimer called after profile-before-change notification. Ignoring timer registration for id: region-update-timer
console.error: (new Error("Connection closed before committing the transaction.", "resource://gre/modules/Sqlite.jsm", 687))

###!!! [Parent][RunMessage] Error: Channel closing: too late to send/recv, messages will be lost

1631870859614	geckodriver	INFO	Listening on 127.0.0.1:52318
1631870859687	mozrunner::runner	INFO	Running command: "/Applications/Firefox.app/Contents/MacOS/firefox-bin" "--marionette" "-foreground" "-no-remote" "-profile" "/var/folders/1t/0cgrwk454rl3_dl7m5m4_kxh0000gn/T/rust_mozprofilej3VW3t"
1631870860610	Marionette	INFO	Marionette enabled
console.warn: SearchSettings: "get: No settings file exists, new profile?" (new NotFoundError("Could not open the file at /var/folders/1t/0cgrwk454rl3_dl7m5m4_kxh0000gn/T/rust_mozprofilej3VW3t/search.json.mozlz4", (void 0)))
JavaScript error: resource:///modules/Interactions.jsm, line 230: NS_ERROR_FAILURE: Component returned failure code: 0x80004005 (NS_ERROR_FAILURE) [nsIUserIdleService.removeIdleObserver]
1632047872851	geckodriver	INFO	Listening on 127.0.0.1:49732
1632047872952	mozrunner::runner	INFO	Running command: "/Applications/Firefox.app/Contents/MacOS/firefox-bin" "--marionette" "-foreground" "-no-remote" "-profile" "/var/folders/1t/0cgrwk454rl3_dl7m5m4_kxh0000gn/T/rust_mozprofileXArgkh"
1632047873484	Marionette	INFO	Marionette enabled
console.warn: SearchSettings: "get: No settings file exists, new profile?" (new NotFoundError("Could not open the file at /var/folders/1t/0cgrwk454rl3_dl7m5m4_kxh0000gn/T/rust_mozprofileXArgkh/search.json.mozlz4", (void 0)))
console.error: BackgroundUpdate: 
  _reasonsToNotScheduleUpdates: Failed to check for Maintenance Service Registry Key: [Exception... "Component returned failure code: 0x80004001 (NS_ERROR_NOT_IMPLEMENTED) [nsIUpdateProcessor.getServiceRegKeyExists]"  nsresult: "0x80004001 (NS_ERROR_NOT_IMPLEMENTED)"  location: "JS frame :: resource://gre/modules/BackgroundUpdate.jsm :: _reasonsToNotScheduleUpdates :: line 243"  data: no]
1632047876096	Marionette	INFO	Listening on port 49741
1632047876181	RemoteAgent	WARN	TLS certificate errors will be ignored for this session
1632047882824	Marionette	INFO	Stopped listening on port 49741
JavaScript error: resource:///modules/Interactions.jsm, line 230: NS_ERROR_FAILURE: Component returned failure code: 0x80004005 (NS_ERROR_FAILURE) [nsIUserIdleService.removeIdleObserver]
JavaScript error: chrome://remote/content/marionette/cert.js, line 55: NS_ERROR_NOT_AVAILABLE: Component returned failure code: 0x80040111 (NS_ERROR_NOT_AVAILABLE) [nsICertOverrideService.setDisableAllSecurityChecksAndLetAttackersInterceptMyData]

###!!! [Parent][RunMessage] Error: Channel closing: too late to send/recv, messages will be lost

1632048806578	geckodriver	INFO	Listening on 127.0.0.1:50134
1632048807609	mozrunner::runner	INFO	Running command: "/Applications/Firefox.app/Contents/MacOS/firefox-bin" "--marionette" "-foreground" "-no-remote" "-profile" "/var/folders/1t/0cgrwk454rl3_dl7m5m4_kxh0000gn/T/rust_mozprofilefmVsZc"
1632048808587	Marionette	INFO	Marionette enabled
console.warn: SearchSettings: "get: No settings file exists, new profile?" (new NotFoundError("Could not open the file at /var/folders/1t/0cgrwk454rl3_dl7m5m4_kxh0000gn/T/rust_mozprofilefmVsZc/search.json.mozlz4", (void 0)))
console.error: BackgroundUpdate: 
  _reasonsToNotScheduleUpdates: Failed to check for Maintenance Service Registry Key: [Exception... "Component returned failure code: 0x80004001 (NS_ERROR_NOT_IMPLEMENTED) [nsIUpdateProcessor.getServiceRegKeyExists]"  nsresult: "0x80004001 (NS_ERROR_NOT_IMPLEMENTED)"  location: "JS frame :: resource://gre/modules/BackgroundUpdate.jsm :: _reasonsToNotScheduleUpdates :: line 243"  data: no]
1632048811537	Marionette	INFO	Listening on port 50145
1632048811623	RemoteAgent	WARN	TLS certificate errors will be ignored for this session
1632048833880	Marionette	INFO	Stopped listening on port 50145
JavaScript error: resource:///modules/Interactions.jsm, line 230: NS_ERROR_FAILURE: Component returned failure code: 0x80004005 (NS_ERROR_FAILURE) [nsIUserIdleService.removeIdleObserver]
JavaScript error: chrome://remote/content/marionette/cert.js, line 55: NS_ERROR_NOT_AVAILABLE: Component returned failure code: 0x80040111 (NS_ERROR_NOT_AVAILABLE) [nsICertOverrideService.setDisableAllSecurityChecksAndLetAttackersInterceptMyData]

###!!! [Parent][RunMessage] Error: Channel closing: too late to send/recv, messages will be lost

1632048837826	geckodriver	INFO	Listening on 127.0.0.1:50239
1632048838840	mozrunner::runner	INFO	Running command: "/Applications/Firefox.app/Contents/MacOS/firefox-bin" "--marionette" "-foreground" "-no-remote" "-profile" "/var/folders/1t/0cgrwk454rl3_dl7m5m4_kxh0000gn/T/rust_mozprofileWALJ6I"
1632048839398	Marionette	INFO	Marionette enabled
console.warn: SearchSettings: "get: No settings file exists, new profile?" (new NotFoundError("Could not open the file at /var/folders/1t/0cgrwk454rl3_dl7m5m4_kxh0000gn/T/rust_mozprofileWALJ6I/search.json.mozlz4", (void 0)))
console.error: BackgroundUpdate: 
  _reasonsToNotScheduleUpdates: Failed to check for Maintenance Service Registry Key: [Exception... "Component returned failure code: 0x80004001 (NS_ERROR_NOT_IMPLEMENTED) [nsIUpdateProcessor.getServiceRegKeyExists]"  nsresult: "0x80004001 (NS_ERROR_NOT_IMPLEMENTED)"  location: "JS frame :: resource://gre/modules/BackgroundUpdate.jsm :: _reasonsToNotScheduleUpdates :: line 243"  data: no]
1632048841713	Marionette	INFO	Listening on port 50250
1632048841808	RemoteAgent	WARN	TLS certificate errors will be ignored for this session
JavaScript error: http://astp/maximo/webclient/login/login.jsp?welcome=true, line 1: TypeError: document.getElementById(...) is null
Exiting due to channel error.
Exiting due to channel error.
Exiting due to channel error.
1632048876261	geckodriver	INFO	Listening on 127.0.0.1:50325
1632048876276	mozrunner::runner	INFO	Running command: "/Applications/Firefox.app/Contents/MacOS/firefox-bin" "--marionette" "-foreground" "-no-remote" "-profile" "/var/folders/1t/0cgrwk454rl3_dl7m5m4_kxh0000gn/T/rust_mozprofile2B1Bhv"
1632048876884	Marionette	INFO	Marionette enabled
console.warn: SearchSettings: "get: No settings file exists, new profile?" (new NotFoundError("Could not open the file at /var/folders/1t/0cgrwk454rl3_dl7m5m4_kxh0000gn/T/rust_mozprofile2B1Bhv/search.json.mozlz4", (void 0)))
console.error: BackgroundUpdate: 
  _reasonsToNotScheduleUpdates: Failed to check for Maintenance Service Registry Key: [Exception... "Component returned failure code: 0x80004001 (NS_ERROR_NOT_IMPLEMENTED) [nsIUpdateProcessor.getServiceRegKeyExists]"  nsresult: "0x80004001 (NS_ERROR_NOT_IMPLEMENTED)"  location: "JS frame :: resource://gre/modules/BackgroundUpdate.jsm :: _reasonsToNotScheduleUpdates :: line 243"  data: no]
1632048879155	Marionette	INFO	Listening on port 50334
1632048879212	RemoteAgent	WARN	TLS certificate errors will be ignored for this session
JavaScript error: http://astp/maximo/webclient/login/login.jsp?welcome=true, line 1: TypeError: document.getElementById(...) is null
1632048888921	Marionette	INFO	Stopped listening on port 50334
JavaScript error: resource:///modules/Interactions.jsm, line 230: NS_ERROR_FAILURE: Component returned failure code: 0x80004005 (NS_ERROR_FAILURE) [nsIUserIdleService.removeIdleObserver]
JavaScript error: chrome://remote/content/marionette/cert.js, line 55: NS_ERROR_NOT_AVAILABLE: Component returned failure code: 0x80040111 (NS_ERROR_NOT_AVAILABLE) [nsICertOverrideService.setDisableAllSecurityChecksAndLetAttackersInterceptMyData]
1632050618891	geckodriver	INFO	Listening on 127.0.0.1:50472
1632050618907	mozrunner::runner	INFO	Running command: "/Applications/Firefox.app/Contents/MacOS/firefox-bin" "--marionette" "-foreground" "-no-remote" "-profile" "/var/folders/1t/0cgrwk454rl3_dl7m5m4_kxh0000gn/T/rust_mozprofilemHKFXO"
1632050619531	Marionette	INFO	Marionette enabled
console.warn: SearchSettings: "get: No settings file exists, new profile?" (new NotFoundError("Could not open the file at /var/folders/1t/0cgrwk454rl3_dl7m5m4_kxh0000gn/T/rust_mozprofilemHKFXO/search.json.mozlz4", (void 0)))
console.error: BackgroundUpdate: 
  _reasonsToNotScheduleUpdates: Failed to check for Maintenance Service Registry Key: [Exception... "Component returned failure code: 0x80004001 (NS_ERROR_NOT_IMPLEMENTED) [nsIUpdateProcessor.getServiceRegKeyExists]"  nsresult: "0x80004001 (NS_ERROR_NOT_IMPLEMENTED)"  location: "JS frame :: resource://gre/modules/BackgroundUpdate.jsm :: _reasonsToNotScheduleUpdates :: line 243"  data: no]
1632050622090	Marionette	INFO	Listening on port 50477
1632050622162	RemoteAgent	WARN	TLS certificate errors will be ignored for this session
1632050633376	Marionette	INFO	Stopped listening on port 50477
JavaScript error: resource:///modules/Interactions.jsm, line 230: NS_ERROR_FAILURE: Component returned failure code: 0x80004005 (NS_ERROR_FAILURE) [nsIUserIdleService.removeIdleObserver]
JavaScript error: chrome://remote/content/marionette/cert.js, line 55: NS_ERROR_NOT_AVAILABLE: Component returned failure code: 0x80040111 (NS_ERROR_NOT_AVAILABLE) [nsICertOverrideService.setDisableAllSecurityChecksAndLetAttackersInterceptMyData]

###!!! [Parent][RunMessage] Error: Channel closing: too late to send/recv, messages will be lost

1632050995517	geckodriver	INFO	Listening on 127.0.0.1:50646
1632050995533	mozrunner::runner	INFO	Running command: "/Applications/Firefox.app/Contents/MacOS/firefox-bin" "--marionette" "-foreground" "-no-remote" "-profile" "/var/folders/1t/0cgrwk454rl3_dl7m5m4_kxh0000gn/T/rust_mozprofilejJyrpC"
1632050996399	Marionette	INFO	Marionette enabled
console.warn: SearchSettings: "get: No settings file exists, new profile?" (new NotFoundError("Could not open the file at /var/folders/1t/0cgrwk454rl3_dl7m5m4_kxh0000gn/T/rust_mozprofilejJyrpC/search.json.mozlz4", (void 0)))
console.error: BackgroundUpdate: 
  _reasonsToNotScheduleUpdates: Failed to check for Maintenance Service Registry Key: [Exception... "Component returned failure code: 0x80004001 (NS_ERROR_NOT_IMPLEMENTED) [nsIUpdateProcessor.getServiceRegKeyExists]"  nsresult: "0x80004001 (NS_ERROR_NOT_IMPLEMENTED)"  location: "JS frame :: resource://gre/modules/BackgroundUpdate.jsm :: _reasonsToNotScheduleUpdates :: line 243"  data: no]
1632050998680	Marionette	INFO	Listening on port 50651
1632050998768	RemoteAgent	WARN	TLS certificate errors will be ignored for this session
JavaScript error: http://astp/maximo/webclient/login/login.jsp?welcome=true, line 1: TypeError: document.getElementById(...) is null
Exiting due to channel error.
Exiting due to channel error.
Exiting due to channel error.
1632051462971	geckodriver	INFO	Listening on 127.0.0.1:50832
1632051462992	mozrunner::runner	INFO	Running command: "/Applications/Firefox.app/Contents/MacOS/firefox-bin" "--marionette" "-foreground" "-no-remote" "-profile" "/var/folders/1t/0cgrwk454rl3_dl7m5m4_kxh0000gn/T/rust_mozprofilee5NTva"
1632051463925	Marionette	INFO	Marionette enabled
console.warn: SearchSettings: "get: No settings file exists, new profile?" (new NotFoundError("Could not open the file at /var/folders/1t/0cgrwk454rl3_dl7m5m4_kxh0000gn/T/rust_mozprofilee5NTva/search.json.mozlz4", (void 0)))
console.error: BackgroundUpdate: 
  _reasonsToNotScheduleUpdates: Failed to check for Maintenance Service Registry Key: [Exception... "Component returned failure code: 0x80004001 (NS_ERROR_NOT_IMPLEMENTED) [nsIUpdateProcessor.getServiceRegKeyExists]"  nsresult: "0x80004001 (NS_ERROR_NOT_IMPLEMENTED)"  location: "JS frame :: resource://gre/modules/BackgroundUpdate.jsm :: _reasonsToNotScheduleUpdates :: line 243"  data: no]
1632051466619	Marionette	INFO	Listening on port 50837
1632051466697	RemoteAgent	WARN	TLS certificate errors will be ignored for this session
JavaScript error: http://astp/maximo/webclient/login/login.jsp?welcome=true, line 1: TypeError: document.getElementById(...) is null
1632051491565	Marionette	WARN	TimedPromise timed out after 500 ms: stacktrace:
TimedPromise/<@chrome://remote/content/marionette/sync.js:238:19
TimedPromise@chrome://remote/content/marionette/sync.js:223:10
interaction.flushEventLoop@chrome://remote/content/marionette/interaction.js:431:10
webdriverClickElement@chrome://remote/content/marionette/interaction.js:179:31
req.getText@http://astp/maximo/webclient/javascript/dojo-20190921-1108/dojo/dojo.js:15:3330
_33@http://astp/maximo/webclient/javascript/dojo-20190921-1108/dojo/dojo.js:15:16205
_24f@http://astp/maximo/webclient/javascript/dojo-20190921-1108/dojo/dojo.js:15:53674
dojo/_base/loader/</dojo.require@http://astp/maximo/webclient/javascript/dojo-20190921-1108/dojo/dojo.js:15:53973
@http://astp/maximo/ui/?event=loadapp&value=wotrack&uisessionid=26003&_tt=jr2jqtljqqiamidfkghd8jpiar:955:8
1632051495159	Marionette	INFO	Stopped listening on port 50837
JavaScript error: resource:///modules/Interactions.jsm, line 230: NS_ERROR_FAILURE: Component returned failure code: 0x80004005 (NS_ERROR_FAILURE) [nsIUserIdleService.removeIdleObserver]
JavaScript error: chrome://remote/content/marionette/cert.js, line 55: NS_ERROR_NOT_AVAILABLE: Component returned failure code: 0x80040111 (NS_ERROR_NOT_AVAILABLE) [nsICertOverrideService.setDisableAllSecurityChecksAndLetAttackersInterceptMyData]

###!!! [Parent][RunMessage] Error: Channel closing: too late to send/recv, messages will be lost

1632051649263	geckodriver	INFO	Listening on 127.0.0.1:51652
1632051649278	mozrunner::runner	INFO	Running command: "/Applications/Firefox.app/Contents/MacOS/firefox-bin" "--marionette" "-foreground" "-no-remote" "-profile" "/var/folders/1t/0cgrwk454rl3_dl7m5m4_kxh0000gn/T/rust_mozprofileFGsh5A"
1632051649965	Marionette	INFO	Marionette enabled
console.warn: SearchSettings: "get: No settings file exists, new profile?" (new NotFoundError("Could not open the file at /var/folders/1t/0cgrwk454rl3_dl7m5m4_kxh0000gn/T/rust_mozprofileFGsh5A/search.json.mozlz4", (void 0)))
console.error: BackgroundUpdate: 
  _reasonsToNotScheduleUpdates: Failed to check for Maintenance Service Registry Key: [Exception... "Component returned failure code: 0x80004001 (NS_ERROR_NOT_IMPLEMENTED) [nsIUpdateProcessor.getServiceRegKeyExists]"  nsresult: "0x80004001 (NS_ERROR_NOT_IMPLEMENTED)"  location: "JS frame :: resource://gre/modules/BackgroundUpdate.jsm :: _reasonsToNotScheduleUpdates :: line 243"  data: no]
1632051652301	Marionette	INFO	Listening on port 51657
1632051652398	RemoteAgent	WARN	TLS certificate errors will be ignored for this session
JavaScript error: http://astp/maximo/webclient/login/login.jsp?welcome=true, line 1: TypeError: document.getElementById(...) is null
1632051673349	Marionette	WARN	TimedPromise timed out after 500 ms: stacktrace:
TimedPromise/<@chrome://remote/content/marionette/sync.js:238:19
TimedPromise@chrome://remote/content/marionette/sync.js:223:10
interaction.flushEventLoop@chrome://remote/content/marionette/interaction.js:431:10
webdriverClickElement@chrome://remote/content/marionette/interaction.js:179:31
req.getText@http://astp/maximo/webclient/javascript/dojo-20190921-1108/dojo/dojo.js:15:3330
_33@http://astp/maximo/webclient/javascript/dojo-20190921-1108/dojo/dojo.js:15:16205
_24f@http://astp/maximo/webclient/javascript/dojo-20190921-1108/dojo/dojo.js:15:53674
dojo/_base/loader/</dojo.require@http://astp/maximo/webclient/javascript/dojo-20190921-1108/dojo/dojo.js:15:53973
@http://astp/maximo/ui/?event=loadapp&value=wotrack&uisessionid=24546&_tt=tibq3jhfacnr27gf6b87vdfd3q:955:8
Exiting due to channel error.
Exiting due to channel error.
Exiting due to channel error.
1632051749360	geckodriver	INFO	Listening on 127.0.0.1:51756
1632051749375	mozrunner::runner	INFO	Running command: "/Applications/Firefox.app/Contents/MacOS/firefox-bin" "--marionette" "-foreground" "-no-remote" "-profile" "/var/folders/1t/0cgrwk454rl3_dl7m5m4_kxh0000gn/T/rust_mozprofileLrdmwD"
1632051750181	Marionette	INFO	Marionette enabled
console.warn: SearchSettings: "get: No settings file exists, new profile?" (new NotFoundError("Could not open the file at /var/folders/1t/0cgrwk454rl3_dl7m5m4_kxh0000gn/T/rust_mozprofileLrdmwD/search.json.mozlz4", (void 0)))
console.error: BackgroundUpdate: 
  _reasonsToNotScheduleUpdates: Failed to check for Maintenance Service Registry Key: [Exception... "Component returned failure code: 0x80004001 (NS_ERROR_NOT_IMPLEMENTED) [nsIUpdateProcessor.getServiceRegKeyExists]"  nsresult: "0x80004001 (NS_ERROR_NOT_IMPLEMENTED)"  location: "JS frame :: resource://gre/modules/BackgroundUpdate.jsm :: _reasonsToNotScheduleUpdates :: line 243"  data: no]
1632051752518	Marionette	INFO	Listening on port 51761
1632051752597	RemoteAgent	WARN	TLS certificate errors will be ignored for this session
JavaScript error: http://astp/maximo/webclient/login/login.jsp?welcome=true, line 1: TypeError: document.getElementById(...) is null
1632051774509	Marionette	WARN	TimedPromise timed out after 500 ms: stacktrace:
TimedPromise/<@chrome://remote/content/marionette/sync.js:238:19
TimedPromise@chrome://remote/content/marionette/sync.js:223:10
interaction.flushEventLoop@chrome://remote/content/marionette/interaction.js:431:10
webdriverClickElement@chrome://remote/content/marionette/interaction.js:179:31
req.getText@http://astp/maximo/webclient/javascript/dojo-20190921-1108/dojo/dojo.js:15:3330
_33@http://astp/maximo/webclient/javascript/dojo-20190921-1108/dojo/dojo.js:15:16205
_24f@http://astp/maximo/webclient/javascript/dojo-20190921-1108/dojo/dojo.js:15:53674
dojo/_base/loader/</dojo.require@http://astp/maximo/webclient/javascript/dojo-20190921-1108/dojo/dojo.js:15:53973
@http://astp/maximo/ui/?event=loadapp&value=wotrack&uisessionid=20392&_tt=a6cp0ivtapus2qcfp9tipge2s:955:8
console.log: WebExtensions: reset-default-search: starting.
console.log: WebExtensions: reset-default-search: No addons in our list are installed.
Exiting due to channel error.
[GFX1-]: Receive IPC close with reason=AbnormalShutdown
Exiting due to channel error.
[GFX1-]: Receive IPC close with reason=AbnormalShutdown
Exiting due to channel error.
1632052302433	geckodriver	INFO	Listening on 127.0.0.1:52093
1632052302452	mozrunner::runner	INFO	Running command: "/Applications/Firefox.app/Contents/MacOS/firefox-bin" "--marionette" "-foreground" "-no-remote" "-profile" "/var/folders/1t/0cgrwk454rl3_dl7m5m4_kxh0000gn/T/rust_mozprofilehLQsxx"
1632052303290	Marionette	INFO	Marionette enabled
console.warn: SearchSettings: "get: No settings file exists, new profile?" (new NotFoundError("Could not open the file at /var/folders/1t/0cgrwk454rl3_dl7m5m4_kxh0000gn/T/rust_mozprofilehLQsxx/search.json.mozlz4", (void 0)))
console.error: BackgroundUpdate: 
  _reasonsToNotScheduleUpdates: Failed to check for Maintenance Service Registry Key: [Exception... "Component returned failure code: 0x80004001 (NS_ERROR_NOT_IMPLEMENTED) [nsIUpdateProcessor.getServiceRegKeyExists]"  nsresult: "0x80004001 (NS_ERROR_NOT_IMPLEMENTED)"  location: "JS frame :: resource://gre/modules/BackgroundUpdate.jsm :: _reasonsToNotScheduleUpdates :: line 243"  data: no]
1632052305707	Marionette	INFO	Listening on port 52098
1632052305790	RemoteAgent	WARN	TLS certificate errors will be ignored for this session
JavaScript error: http://astp/maximo/webclient/login/login.jsp?welcome=true, line 1: TypeError: document.getElementById(...) is null
1632052326095	Marionette	WARN	TimedPromise timed out after 500 ms: stacktrace:
TimedPromise/<@chrome://remote/content/marionette/sync.js:238:19
TimedPromise@chrome://remote/content/marionette/sync.js:223:10
interaction.flushEventLoop@chrome://remote/content/marionette/interaction.js:431:10
webdriverClickElement@chrome://remote/content/marionette/interaction.js:179:31
req.getText@http://astp/maximo/webclient/javascript/dojo-20190921-1108/dojo/dojo.js:15:3330
_33@http://astp/maximo/webclient/javascript/dojo-20190921-1108/dojo/dojo.js:15:16205
_24f@http://astp/maximo/webclient/javascript/dojo-20190921-1108/dojo/dojo.js:15:53674
dojo/_base/loader/</dojo.require@http://astp/maximo/webclient/javascript/dojo-20190921-1108/dojo/dojo.js:15:53973
@http://astp/maximo/ui/?event=loadapp&value=wotrack&uisessionid=26069&_tt=q8o8rn0qh4opmtrocoiq8i08fd:955:8
Exiting due to channel error.
[GFX1-]: Receive IPC close with reason=AbnormalShutdown
Exiting due to channel error.
Exiting due to channel error.
1632052461814	geckodriver	INFO	Listening on 127.0.0.1:52197
1632052461834	mozrunner::runner	INFO	Running command: "/Applications/Firefox.app/Contents/MacOS/firefox-bin" "--marionette" "-foreground" "-no-remote" "-profile" "/var/folders/1t/0cgrwk454rl3_dl7m5m4_kxh0000gn/T/rust_mozprofileDWl9v4"
1632052462776	Marionette	INFO	Marionette enabled
console.warn: SearchSettings: "get: No settings file exists, new profile?" (new NotFoundError("Could not open the file at /var/folders/1t/0cgrwk454rl3_dl7m5m4_kxh0000gn/T/rust_mozprofileDWl9v4/search.json.mozlz4", (void 0)))
console.error: BackgroundUpdate: 
  _reasonsToNotScheduleUpdates: Failed to check for Maintenance Service Registry Key: [Exception... "Component returned failure code: 0x80004001 (NS_ERROR_NOT_IMPLEMENTED) [nsIUpdateProcessor.getServiceRegKeyExists]"  nsresult: "0x80004001 (NS_ERROR_NOT_IMPLEMENTED)"  location: "JS frame :: resource://gre/modules/BackgroundUpdate.jsm :: _reasonsToNotScheduleUpdates :: line 243"  data: no]
1632052465479	Marionette	INFO	Listening on port 52202
1632052465727	RemoteAgent	WARN	TLS certificate errors will be ignored for this session
Exiting due to channel error.
Exiting due to channel error.
[GFX1-]: Receive IPC close with reason=AbnormalShutdown
Exiting due to channel error.
1632052471799	geckodriver	INFO	Listening on 127.0.0.1:52259
1632052471814	mozrunner::runner	INFO	Running command: "/Applications/Firefox.app/Contents/MacOS/firefox-bin" "--marionette" "-foreground" "-no-remote" "-profile" "/var/folders/1t/0cgrwk454rl3_dl7m5m4_kxh0000gn/T/rust_mozprofileR7V5Rm"
1632052472339	Marionette	INFO	Marionette enabled
console.warn: SearchSettings: "get: No settings file exists, new profile?" (new NotFoundError("Could not open the file at /var/folders/1t/0cgrwk454rl3_dl7m5m4_kxh0000gn/T/rust_mozprofileR7V5Rm/search.json.mozlz4", (void 0)))
console.error: BackgroundUpdate: 
  _reasonsToNotScheduleUpdates: Failed to check for Maintenance Service Registry Key: [Exception... "Component returned failure code: 0x80004001 (NS_ERROR_NOT_IMPLEMENTED) [nsIUpdateProcessor.getServiceRegKeyExists]"  nsresult: "0x80004001 (NS_ERROR_NOT_IMPLEMENTED)"  location: "JS frame :: resource://gre/modules/BackgroundUpdate.jsm :: _reasonsToNotScheduleUpdates :: line 243"  data: no]
1632052474684	Marionette	INFO	Listening on port 52264
1632052474738	RemoteAgent	WARN	TLS certificate errors will be ignored for this session
JavaScript error: http://astp/maximo/webclient/login/login.jsp?welcome=true, line 1: TypeError: document.getElementById(...) is null
1632052503666	Marionette	WARN	TimedPromise timed out after 500 ms: stacktrace:
TimedPromise/<@chrome://remote/content/marionette/sync.js:238:19
TimedPromise@chrome://remote/content/marionette/sync.js:223:10
interaction.flushEventLoop@chrome://remote/content/marionette/interaction.js:431:10
webdriverClickElement@chrome://remote/content/marionette/interaction.js:179:31
req.getText@http://astp/maximo/webclient/javascript/dojo-20190921-1108/dojo/dojo.js:15:3330
_33@http://astp/maximo/webclient/javascript/dojo-20190921-1108/dojo/dojo.js:15:16205
_24f@http://astp/maximo/webclient/javascript/dojo-20190921-1108/dojo/dojo.js:15:53674
dojo/_base/loader/</dojo.require@http://astp/maximo/webclient/javascript/dojo-20190921-1108/dojo/dojo.js:15:53973
@http://astp/maximo/ui/?event=loadapp&value=wotrack&uisessionid=24165&_tt=bctavo8g0sq7ripbgan2cedenp:955:8
1632052522111	Marionette	INFO	Stopped listening on port 52264
JavaScript error: resource:///modules/Interactions.jsm, line 230: NS_ERROR_FAILURE: Component returned failure code: 0x80004005 (NS_ERROR_FAILURE) [nsIUserIdleService.removeIdleObserver]
JavaScript error: chrome://remote/content/marionette/cert.js, line 55: NS_ERROR_NOT_AVAILABLE: Component returned failure code: 0x80040111 (NS_ERROR_NOT_AVAILABLE) [nsICertOverrideService.setDisableAllSecurityChecksAndLetAttackersInterceptMyData]

###!!! [Parent][RunMessage] Error: Channel closing: too late to send/recv, messages will be lost

